\BOOKMARK [0][-]{chapter.1}{Introduction}{}% 1
\BOOKMARK [1][-]{section.1.1}{Problem description}{chapter.1}% 2
\BOOKMARK [1][-]{section.1.2}{Main Objective and Requirements}{chapter.1}% 3
\BOOKMARK [1][-]{section.1.3}{Software Availability}{chapter.1}% 4
\BOOKMARK [0][-]{chapter.2}{Context and Used technologies}{}% 5
\BOOKMARK [1][-]{section.2.1}{HTML5}{chapter.2}% 6
\BOOKMARK [2][-]{subsection.2.1.1}{General description}{section.2.1}% 7
\BOOKMARK [2][-]{subsection.2.1.2}{In this project}{section.2.1}% 8
\BOOKMARK [1][-]{section.2.2}{JavaScript}{chapter.2}% 9
\BOOKMARK [2][-]{subsection.2.2.1}{In this project}{section.2.2}% 10
\BOOKMARK [1][-]{section.2.3}{Kibana}{chapter.2}% 11
\BOOKMARK [2][-]{subsection.2.3.1}{Index\(es\) Setting}{section.2.3}% 12
\BOOKMARK [2][-]{subsection.2.3.2}{Pages in Kibana}{section.2.3}% 13
\BOOKMARK [1][-]{section.2.4}{ElasticSearch}{chapter.2}% 14
\BOOKMARK [2][-]{subsection.2.4.1}{Basic Concepts}{section.2.4}% 15
\BOOKMARK [1][-]{section.2.5}{VisJS}{chapter.2}% 16
\BOOKMARK [1][-]{section.2.6}{AngularJS}{chapter.2}% 17
\BOOKMARK [1][-]{section.2.7}{NodeJS and Npm}{chapter.2}% 18
\BOOKMARK [1][-]{section.2.8}{Other Packages Used}{chapter.2}% 19
\BOOKMARK [2][-]{subsection.2.8.1}{ResizeSensor}{section.2.8}% 20
\BOOKMARK [2][-]{subsection.2.8.2}{RandomColor}{section.2.8}% 21
\BOOKMARK [0][-]{chapter.3}{Development}{}% 22
\BOOKMARK [1][-]{section.3.1}{SCRUM methodology}{chapter.3}% 23
\BOOKMARK [1][-]{section.3.2}{Iteration 0: Investigation and preliminary study}{chapter.3}% 24
\BOOKMARK [2][-]{subsection.3.2.1}{Testing Kibana Client}{section.3.2}% 25
\BOOKMARK [2][-]{subsection.3.2.2}{Setting Up the Development Environment}{section.3.2}% 26
\BOOKMARK [2][-]{subsection.3.2.3}{Choosing a Visualization Library}{section.3.2}% 27
\BOOKMARK [1][-]{section.3.3}{Iteration 1: First plugins}{chapter.3}% 28
\BOOKMARK [2][-]{subsection.3.3.1}{Plugin Without Data}{section.3.3}% 29
\BOOKMARK [2][-]{subsection.3.3.2}{Plugin With Data}{section.3.3}% 30
\BOOKMARK [1][-]{section.3.4}{Iteration 2: Integration}{chapter.3}% 31
\BOOKMARK [2][-]{subsection.3.4.1}{Integration of the library}{section.3.4}% 32
\BOOKMARK [2][-]{subsection.3.4.2}{Plugin using VisJS}{section.3.4}% 33
\BOOKMARK [1][-]{section.3.5}{Iteration 3: Visualization with ElasticSearh data}{chapter.3}% 34
\BOOKMARK [2][-]{subsection.3.5.1}{Migration}{section.3.5}% 35
\BOOKMARK [2][-]{subsection.3.5.2}{Adding Schemas}{section.3.5}% 36
\BOOKMARK [2][-]{subsection.3.5.3}{Building code}{section.3.5}% 37
\BOOKMARK [2][-]{subsection.3.5.4}{Dashboard Integration}{section.3.5}% 38
\BOOKMARK [1][-]{section.3.6}{Iteration 4: Different ways to represent and Optimization}{chapter.3}% 39
\BOOKMARK [2][-]{subsection.3.6.1}{Changing Schemas and Building differents ways}{section.3.6}% 40
\BOOKMARK [2][-]{subsection.3.6.2}{Optimization}{section.3.6}% 41
\BOOKMARK [1][-]{section.3.7}{Iteration 5: Customization}{chapter.3}% 42
\BOOKMARK [2][-]{subsection.3.7.1}{Adding more aggregations}{section.3.7}% 43
\BOOKMARK [2][-]{subsection.3.7.2}{Adding options}{section.3.7}% 44
\BOOKMARK [0][-]{chapter.4}{Design and results}{}% 45
\BOOKMARK [1][-]{section.4.1}{Introduction}{chapter.4}% 46
\BOOKMARK [1][-]{section.4.2}{Structure}{chapter.4}% 47
\BOOKMARK [1][-]{section.4.3}{User Guide}{chapter.4}% 48
\BOOKMARK [2][-]{subsection.4.3.1}{Network with only nodes and no relation}{section.4.3}% 49
\BOOKMARK [2][-]{subsection.4.3.2}{Network with one type of nodes}{section.4.3}% 50
\BOOKMARK [2][-]{subsection.4.3.3}{Network with two type of nodes}{section.4.3}% 51
\BOOKMARK [2][-]{subsection.4.3.4}{Add Node Color}{section.4.3}% 52
\BOOKMARK [2][-]{subsection.4.3.5}{Types of Error on selecting buckets}{section.4.3}% 53
\BOOKMARK [2][-]{subsection.4.3.6}{Add Node/Edge Size Customization}{section.4.3}% 54
\BOOKMARK [2][-]{subsection.4.3.7}{Change options}{section.4.3}% 55
\BOOKMARK [2][-]{subsection.4.3.8}{Save and Integrate in a dashboard}{section.4.3}% 56
\BOOKMARK [1][-]{section.4.4}{Software hosting and Testing}{chapter.4}% 57
\BOOKMARK [0][-]{chapter.5}{Conclusions}{}% 58
\BOOKMARK [1][-]{section.5.1}{Application of lessons learned}{chapter.5}% 59
\BOOKMARK [1][-]{section.5.2}{Lessons learned}{chapter.5}% 60
\BOOKMARK [1][-]{section.5.3}{Future work}{chapter.5}% 61
\BOOKMARK [0][-]{appendix.A}{Appendix}{}% 62
\BOOKMARK [1][-]{section.A.1}{Code template to create a plugin}{appendix.A}% 63
\BOOKMARK [2][-]{subsection.A.1.1}{index.js}{section.A.1}% 64
\BOOKMARK [2][-]{subsection.A.1.2}{plugin-name.js}{section.A.1}% 65
\BOOKMARK [2][-]{subsection.A.1.3}{plugin-name\137controller.js}{section.A.1}% 66
\BOOKMARK [2][-]{subsection.A.1.4}{plugin-name\137params.js}{section.A.1}% 67
\BOOKMARK [1][-]{section.A.2}{Plugin Code}{appendix.A}% 68
\BOOKMARK [2][-]{subsection.A.2.1}{index.js}{section.A.2}% 69
\BOOKMARK [2][-]{subsection.A.2.2}{package.json}{section.A.2}% 70
\BOOKMARK [2][-]{subsection.A.2.3}{network\137vis.html}{section.A.2}% 71
\BOOKMARK [2][-]{subsection.A.2.4}{network\137vis.js}{section.A.2}% 72
\BOOKMARK [2][-]{subsection.A.2.5}{network\137vis.less}{section.A.2}% 73
\BOOKMARK [2][-]{subsection.A.2.6}{network\137vis\137controller.js}{section.A.2}% 74
\BOOKMARK [2][-]{subsection.A.2.7}{network\137vis\137params.html}{section.A.2}% 75
\BOOKMARK [0][-]{appendix.B}{Bibliography}{}% 76
